Using pre-set license
Built from '2020.2/release' branch; Version is '2020.2.1f1 (270dd8c3da1c) revision 2559448'; Using compiler version '192528614'; Build Type 'Release'
OS: 'Windows 10  (10.0.0) 64bit' Language: 'pl' Physical Memory: 32648 MB
BatchMode: 1, IsHumanControllingUs: 0, StartBugReporterOnCrash: 0, Is64bit: 1, IsPro: 0

 COMMAND LINE ARGUMENTS:
C:\Program Files\Unity\Hub\Editor\2020.2.1f1\Editor\Unity.exe
-adb2
-batchMode
-noUpm
-name
AssetImportWorker0
-projectPath
D:/Studia/VR/ChessVR/chessvr
-logFile
Logs/AssetImportWorker0.log
-srvPort
61692
Successfully changed project path to: D:/Studia/VR/ChessVR/chessvr
D:/Studia/VR/ChessVR/chessvr
Using Asset Import Pipeline V2.
Refreshing native plugins compatible for Editor in 29.38 ms, found 0 plugins.
Preloading 0 native plugins for Editor in 0.00 ms.
Initialize engine version: 2020.2.1f1 (270dd8c3da1c)
[Subsystems] Discovering subsystems at path C:/Program Files/Unity/Hub/Editor/2020.2.1f1/Editor/Data/Resources/UnitySubsystems
[Subsystems] Discovering subsystems at path D:/Studia/VR/ChessVR/chessvr/Assets
GfxDevice: creating device client; threaded=0
Direct3D:
    Version:  Direct3D 11.0 [level 11.1]
    Renderer: NVIDIA GeForce GTX 1050 Ti (ID=0x1c8c)
    Vendor:   
    VRAM:     4021 MB
    Driver:   27.21.14.5148
Initialize mono
Mono path[0] = 'C:/Program Files/Unity/Hub/Editor/2020.2.1f1/Editor/Data/Managed'
Mono path[1] = 'C:/Program Files/Unity/Hub/Editor/2020.2.1f1/Editor/Data/MonoBleedingEdge/lib/mono/unityjit'
Mono config path = 'C:/Program Files/Unity/Hub/Editor/2020.2.1f1/Editor/Data/MonoBleedingEdge/etc'
Using monoOptions --debugger-agent=transport=dt_socket,embedding=1,server=y,suspend=n,address=127.0.0.1:56800
Begin MonoManager ReloadAssembly
Registering precompiled unity dll's ...
Register platform support module: C:/Program Files/Unity/Hub/Editor/2020.2.1f1/Editor/Data/PlaybackEngines/WindowsStandaloneSupport/UnityEditor.WindowsStandalone.Extensions.dll
Registered in 0.002616 seconds.
Native extension for WindowsStandalone target not found
Refreshing native plugins compatible for Editor in 25.74 ms, found 0 plugins.
Preloading 0 native plugins for Editor in 0.00 ms.
Invoked RoslynAnalysisRunner static constructor.
RoslynAnalysisRunner will not be running.
RoslynAnalysisRunner has terminated.
Mono: successfully reloaded assembly
- Completed reload, in  1.304 seconds
Platform modules already initialized, skipping
Registering precompiled user dll's ...
Registered in 0.000778 seconds.
Begin MonoManager ReloadAssembly
Native extension for WindowsStandalone target not found
Refreshing native plugins compatible for Editor in 0.44 ms, found 0 plugins.
Preloading 0 native plugins for Editor in 0.00 ms.
Invoked RoslynAnalysisRunner static constructor.
RoslynAnalysisRunner will not be running.
RoslynAnalysisRunner has terminated.
Mono: successfully reloaded assembly
- Completed reload, in  1.014 seconds
Platform modules already initialized, skipping
========================================================================
Worker process is ready to serve import requests
Launched and connected shader compiler UnityShaderCompiler.exe after 0.05 seconds
Refreshing native plugins compatible for Editor in 0.21 ms, found 0 plugins.
Preloading 0 native plugins for Editor in 0.00 ms.
Unloading 1096 Unused Serialized files (Serialized files now loaded: 0)
System memory in use before: 55.8 MB.
System memory in use after: 55.9 MB.

Unloading 9 unused Assets to reduce memory usage. Loaded Objects now: 1536.
Total: 2.423000 ms (FindLiveObjects: 0.179200 ms CreateObjectMapping: 0.070200 ms MarkObjects: 2.049300 ms  DeleteObjects: 0.122600 ms)

========================================================================
Received Import Request.
  path: Assets/Scenes
  artifactKey: Guid(b0d8c8af51f61bc4596bb90ab1bd5331) Importer(815301076,1909f56bfc062723c751e8b465ee728b)
Start importing Assets/Scenes using Guid(b0d8c8af51f61bc4596bb90ab1bd5331) Importer(815301076,1909f56bfc062723c751e8b465ee728b)  -> (artifact id: '313e1eac733ce4a7577c963342dcb6c0') in 0.016541 seconds
  Import took 0.019438 seconds .

========================================================================
Received Import Request.
  Time since last request: 9.079965 seconds.
  path: Assets/Scenes/chess.cs
  artifactKey: Guid(143a48b2a2c9b4d4d854fc01e8b8d55e) Importer(815301076,1909f56bfc062723c751e8b465ee728b)
Start importing Assets/Scenes/chess.cs using Guid(143a48b2a2c9b4d4d854fc01e8b8d55e) Importer(815301076,1909f56bfc062723c751e8b465ee728b)  -> (artifact id: '91e6dbda7d8b78024cf373494e0af902') in 0.041210 seconds
  Import took 0.044330 seconds .

========================================================================
Received Prepare
Registering precompiled user dll's ...
Registered in 0.000611 seconds.
Begin MonoManager ReloadAssembly
Native extension for WindowsStandalone target not found
Refreshing native plugins compatible for Editor in 0.34 ms, found 0 plugins.
Preloading 0 native plugins for Editor in 0.00 ms.
Invoked RoslynAnalysisRunner static constructor.
RoslynAnalysisRunner will not be running.
RoslynAnalysisRunner has terminated.
Mono: successfully reloaded assembly
- Completed reload, in  1.009 seconds
Platform modules already initialized, skipping
Refreshing native plugins compatible for Editor in 0.40 ms, found 0 plugins.
Preloading 0 native plugins for Editor in 0.00 ms.
Unloading 1091 Unused Serialized files (Serialized files now loaded: 0)
System memory in use before: 55.8 MB.
System memory in use after: 55.9 MB.

Unloading 4 unused Assets to reduce memory usage. Loaded Objects now: 1539.
Total: 2.101900 ms (FindLiveObjects: 0.170100 ms CreateObjectMapping: 0.048900 ms MarkObjects: 1.860600 ms  DeleteObjects: 0.020800 ms)

